c:\coderepos\player_qt\src\xplay\x64\release\resample.obj
c:\coderepos\player_qt\src\xplay\x64\release\xdemux.obj
c:\coderepos\player_qt\src\xplay\x64\release\xdecode.obj
c:\coderepos\player_qt\src\xplay\x64\release\\moc\moc_xplay.cpp
c:\coderepos\player_qt\src\xplay\x64\release\\moc\moc_xvideowidget.cpp
c:\coderepos\player_qt\src\xplay\x64\release\\rcc\qrc_xplay.cpp
c:\coderepos\player_qt\src\xplay\x64\release\\..\..\ui_xplay.h
c:\coderepos\player_qt\src\xplay\ui_xplay.h
c:\coderepos\player_qt\src\xplay\x64\release\rcc\qrc_xplay.cpp
c:\coderepos\player_qt\src\xplay\x64\release\moc\moc_xplay.cpp
c:\coderepos\player_qt\src\xplay\x64\release\moc\moc_xvideowidget.cpp
c:\coderepos\player_qt\src\xplay\x64\release\xplay.tlog\cl.10292.write.1.tlog
c:\coderepos\player_qt\src\xplay\x64\release\xplay.tlog\cl.command.1.tlog
c:\coderepos\player_qt\src\xplay\x64\release\xplay.tlog\cl.read.1.tlog
c:\coderepos\player_qt\src\xplay\x64\release\xplay.tlog\moc.read.1u.tlog
c:\coderepos\player_qt\src\xplay\x64\release\xplay.tlog\moc.write.1u.tlog
c:\coderepos\player_qt\src\xplay\x64\release\xplay.tlog\rcc.read.1u.tlog
c:\coderepos\player_qt\src\xplay\x64\release\xplay.tlog\rcc.write.1u.tlog
c:\coderepos\player_qt\src\xplay\x64\release\xplay.tlog\uic.read.1u.tlog
c:\coderepos\player_qt\src\xplay\x64\release\xplay.tlog\uic.write.1u.tlog
c:\coderepos\player_qt\src\xplay\x64\release\xplay.tlog\xplay.write.1u.tlog
