C:\Program Files (x86)\Microsoft Visual Studio\2019\Community\MSBuild\Microsoft\VC\v160\Microsoft.CppBuild.targets(445,5): warning MSB8004: Output Directory does not end with a trailing slash.  This build instance will add the slash as it is required to allow proper evaluation of the Output Directory.
  Reading Qt configuration (C:\App\QT\5.13.1\msvc2017_64\bin\qmake.exe)
C:\Program Files (x86)\Microsoft Visual Studio\2019\Community\MSBuild\Microsoft\VC\v160\Microsoft.CppBuild.targets(445,5): warning MSB8004: Output Directory does not end with a trailing slash.  This build instance will add the slash as it is required to allow proper evaluation of the Output Directory.
  uic xplay.ui
  rcc xplay.qrc
  moc xplay.h
  moc xvideowidget.h
   RCC: Warning: No resources in 'C:\CodeRepos\player_qt\src\xplay\xplay.qrc'.
  main.cpp
  resample.cpp
  xaudioplay.cpp
  xaudiothread.cpp
  xdecode.cpp
  xdecodethread.cpp
  xdemux.cpp
  xdemuxthread.cpp
C:\CodeRepos\player_qt\src\xplay\xaudioplay.cpp(2,10): fatal error C1083: 无法打开包括文件: “QAudioFormat”: No such file or directory
C:\CodeRepos\player_qt\src\xplay\xaudiothread.h(2,10): fatal error C1083: 无法打开包括文件: “Qthread”: No such file or directory (编译源文件 xaudiothread.cpp)
C:\CodeRepos\player_qt\src\xplay\xdemuxthread.h(2,10): fatal error C1083: 无法打开包括文件: “QThread”: No such file or directory (编译源文件 xdemuxthread.cpp)
  xplay.cpp
  xvideothread.cpp
  xvideowidget.cpp
C:\CodeRepos\player_qt\src\xplay\xdecodethread.h(4,10): fatal error C1083: 无法打开包括文件: “QThread”: No such file or directory (编译源文件 xdecodethread.cpp)
C:\CodeRepos\player_qt\src\xplay\xvideowidget.h(3,10): fatal error C1083: 无法打开包括文件: “QOpenGLWidget”: No such file or directory (编译源文件 xvideowidget.cpp)
C:\CodeRepos\player_qt\include\libavutil\rational.h(1,1): warning C4819: 该文件包含不能在当前代码页(936)中表示的字符。请将该文件保存为 Unicode 格式以防止数据丢失 (编译源文件 xdecode.cpp)
C:\CodeRepos\player_qt\include\libavutil\rational.h(1,1): warning C4819: 该文件包含不能在当前代码页(936)中表示的字符。请将该文件保存为 Unicode 格式以防止数据丢失 (编译源文件 resample.cpp)
C:\CodeRepos\player_qt\include\libavutil\rational.h(1,1): warning C4819: 该文件包含不能在当前代码页(936)中表示的字符。请将该文件保存为 Unicode 格式以防止数据丢失 (编译源文件 xdemux.cpp)
C:\CodeRepos\player_qt\src\xplay\xvideothread.h(6,10): fatal error C1083: 无法打开包括文件: “Qthread”: No such file or directory (编译源文件 xvideothread.cpp)
C:\CodeRepos\player_qt\src\xplay\xvideowidget.h(3,10): fatal error C1083: 无法打开包括文件: “QOpenGLWidget”: No such file or directory (编译源文件 main.cpp)
C:\CodeRepos\player_qt\src\xplay\xvideowidget.h(3,10): fatal error C1083: 无法打开包括文件: “QOpenGLWidget”: No such file or directory (编译源文件 xplay.cpp)
