c:\coderepos\player_qt\src\xplay\release\xaudiothread.obj
c:\coderepos\player_qt\src\xplay\release\xaudioplay.obj
c:\coderepos\player_qt\src\xplay\release\resample.obj
c:\coderepos\player_qt\src\xplay\release\xplay.obj
c:\coderepos\player_qt\src\xplay\release\xdemux.obj
c:\coderepos\player_qt\src\xplay\release\xvideowidget.obj
c:\coderepos\player_qt\src\xplay\release\xdecode.obj
c:\coderepos\player_qt\src\xplay\release\xvideothread.obj
c:\coderepos\player_qt\src\xplay\release\xdecodethread.obj
c:\coderepos\player_qt\src\xplay\release\xdemuxthread.obj
c:\coderepos\player_qt\src\xplay\release\moc_predefs.h
c:\coderepos\player_qt\src\xplay\release\moc_xplay.cpp
c:\coderepos\player_qt\src\xplay\release\moc_xvideowidget.cpp
c:\coderepos\player_qt\src\xplay\release\qrc_xplay.cpp
c:\coderepos\player_qt\src\xplay\ui_xplay.h
c:\coderepos\player_qt\src\xplay\release\xplay.tlog\cl.1388.write.1.tlog
c:\coderepos\player_qt\src\xplay\release\xplay.tlog\cl.command.1.tlog
c:\coderepos\player_qt\src\xplay\release\xplay.tlog\cl.read.1.tlog
c:\coderepos\player_qt\src\xplay\release\xplay.tlog\custombuild.command.1.tlog
c:\coderepos\player_qt\src\xplay\release\xplay.tlog\custombuild.read.1.tlog
c:\coderepos\player_qt\src\xplay\release\xplay.tlog\custombuild.write.1.tlog
c:\coderepos\player_qt\src\xplay\release\xplay.tlog\moc.read.1u.tlog
c:\coderepos\player_qt\src\xplay\release\xplay.tlog\moc.write.1u.tlog
c:\coderepos\player_qt\src\xplay\release\xplay.tlog\rcc.read.1u.tlog
c:\coderepos\player_qt\src\xplay\release\xplay.tlog\rcc.write.1u.tlog
c:\coderepos\player_qt\src\xplay\release\xplay.tlog\uic.read.1u.tlog
c:\coderepos\player_qt\src\xplay\release\xplay.tlog\uic.write.1u.tlog
c:\coderepos\player_qt\src\xplay\release\xplay.tlog\xplay.write.1u.tlog
