  Reading Qt configuration (C:\App\QT\5.13.1\msvc2017_64\bin\qmake.exe)
  Generate moc_predefs.h
  Uic'ing xplay.ui...
  Rcc'ing xplay.qrc...
  Moc'ing xplay.h...
  Moc'ing xvideowidget.h...
   RCC: Warning: No resources in 'C:\CodeRepos\player_qt\src\xplay\xplay.qrc'.
  main.cpp
  resample.cpp
  xaudioplay.cpp
  xaudiothread.cpp
  xdecode.cpp
  xdecodethread.cpp
  xdemux.cpp
  xdemuxthread.cpp
C:\CodeRepos\player_qt\include\libavutil\rational.h(1,1): warning C4819: 该文件包含不能在当前代码页(936)中表示的字符。请将该文件保存为 Unicode 格式以防止数据丢失 (编译源文件 xdecode.cpp)
C:\CodeRepos\player_qt\include\libavutil\rational.h(1,1): warning C4819: 该文件包含不能在当前代码页(936)中表示的字符。请将该文件保存为 Unicode 格式以防止数据丢失 (编译源文件 xdemux.cpp)
C:\CodeRepos\player_qt\include\libavutil\rational.h(1,1): warning C4819: 该文件包含不能在当前代码页(936)中表示的字符。请将该文件保存为 Unicode 格式以防止数据丢失 (编译源文件 resample.cpp)
C:\CodeRepos\player_qt\src\xplay\xdemux.cpp(53,31): warning C4244: “=”: 从“int64_t”转换到“int”，可能丢失数据
C:\CodeRepos\player_qt\src\xplay\resample.cpp(38,17): warning C4189: “pcm”: 局部变量已初始化但不引用
C:\CodeRepos\player_qt\src\xplay\xdemux.cpp(113,22): warning C4244: “=”: 从“double”转换到“int64_t”，可能丢失数据
C:\CodeRepos\player_qt\src\xplay\xdemux.cpp(114,22): warning C4244: “=”: 从“double”转换到“int64_t”，可能丢失数据
C:\CodeRepos\player_qt\src\xplay\xdemux.cpp(189,47): warning C4244: “=”: 从“double”转换到“__int64”，可能丢失数据
  xplay.cpp
  xvideothread.cpp
  xvideowidget.cpp
C:\CodeRepos\player_qt\include\libavutil\rational.h(1,1): warning C4819: 该文件包含不能在当前代码页(936)中表示的字符。请将该文件保存为 Unicode 格式以防止数据丢失 (编译源文件 xaudiothread.cpp)
C:\CodeRepos\player_qt\include\libavutil\rational.h(1,1): warning C4819: 该文件包含不能在当前代码页(936)中表示的字符。请将该文件保存为 Unicode 格式以防止数据丢失 (编译源文件 xdemuxthread.cpp)
C:\CodeRepos\player_qt\include\libavutil\rational.h(1,1): warning C4819: 该文件包含不能在当前代码页(936)中表示的字符。请将该文件保存为 Unicode 格式以防止数据丢失 (编译源文件 xvideowidget.cpp)
C:\CodeRepos\player_qt\src\xplay\xplay.cpp(38,37): warning C4100: “e”: 未引用的形参
C:\CodeRepos\player_qt\src\xplay\xplay.cpp(50,39): warning C4100: “e”: 未引用的形参
C:\CodeRepos\player_qt\src\xplay\xplay.cpp(59,48): warning C4100: “e”: 未引用的形参
  qrc_xplay.cpp
  moc_xplay.cpp
  moc_xvideowidget.cpp
  xplay.vcxproj -> C:\CodeRepos\player_qt\src\xplay\..\..\bin\xplay.exe
