c:\coderepos\player_qt\src\xplay\x64\debug\xdecode.obj
c:\coderepos\player_qt\src\xplay\x64\debug\xplay.obj
c:\coderepos\player_qt\src\xplay\x64\debug\resample.obj
c:\coderepos\player_qt\src\xplay\x64\debug\xvideothread.obj
c:\coderepos\player_qt\src\xplay\x64\debug\xdemuxthread.obj
c:\coderepos\player_qt\src\xplay\x64\debug\xaudioplay.obj
c:\coderepos\player_qt\src\xplay\x64\debug\xaudiothread.obj
c:\coderepos\player_qt\src\xplay\x64\debug\main.obj
c:\coderepos\player_qt\src\xplay\x64\debug\xdemux.obj
c:\coderepos\player_qt\src\xplay\x64\debug\xvideowidget.obj
c:\coderepos\player_qt\src\xplay\x64\debug\xdecodethread.obj
c:\coderepos\player_qt\src\xplay\x64\debug\vc142.pdb
c:\coderepos\player_qt\src\xplay\x64\debug\qrc_xplay.obj
c:\coderepos\player_qt\src\xplay\x64\debug\moc_xvideowidget.obj
c:\coderepos\player_qt\src\xplay\x64\debug\moc_xplay.obj
c:\coderepos\player_qt\bin\xplay.exe
c:\coderepos\player_qt\bin\xplay.ilk
c:\coderepos\player_qt\bin\xplay.pdb
c:\coderepos\player_qt\src\xplay\x64\debug\\moc\moc_xplay.cpp
c:\coderepos\player_qt\src\xplay\x64\debug\\moc\moc_xvideowidget.cpp
c:\coderepos\player_qt\src\xplay\x64\debug\\rcc\qrc_xplay.cpp
c:\coderepos\player_qt\src\xplay\x64\debug\\..\..\ui_xplay.h
c:\coderepos\player_qt\src\xplay\ui_xplay.h
c:\coderepos\player_qt\src\xplay\x64\debug\rcc\qrc_xplay.cpp
c:\coderepos\player_qt\src\xplay\x64\debug\moc\moc_xplay.cpp
c:\coderepos\player_qt\src\xplay\x64\debug\moc\moc_xvideowidget.cpp
c:\coderepos\player_qt\src\xplay\..\..\bin\xplay.exe
c:\coderepos\player_qt\src\xplay\x64\debug\xplay.tlog\cl.command.1.tlog
c:\coderepos\player_qt\src\xplay\x64\debug\xplay.tlog\cl.read.1.tlog
c:\coderepos\player_qt\src\xplay\x64\debug\xplay.tlog\cl.write.1.tlog
c:\coderepos\player_qt\src\xplay\x64\debug\xplay.tlog\link.command.1.tlog
c:\coderepos\player_qt\src\xplay\x64\debug\xplay.tlog\link.read.1.tlog
c:\coderepos\player_qt\src\xplay\x64\debug\xplay.tlog\link.write.1.tlog
c:\coderepos\player_qt\src\xplay\x64\debug\xplay.tlog\moc.read.1u.tlog
c:\coderepos\player_qt\src\xplay\x64\debug\xplay.tlog\moc.write.1u.tlog
c:\coderepos\player_qt\src\xplay\x64\debug\xplay.tlog\rcc.read.1u.tlog
c:\coderepos\player_qt\src\xplay\x64\debug\xplay.tlog\rcc.write.1u.tlog
c:\coderepos\player_qt\src\xplay\x64\debug\xplay.tlog\uic.read.1u.tlog
c:\coderepos\player_qt\src\xplay\x64\debug\xplay.tlog\uic.write.1u.tlog
c:\coderepos\player_qt\src\xplay\x64\debug\xplay.tlog\xplay.write.1u.tlog
